[15/06/2017 19:11:31] --> ###############Script started at [15/06/2017 19:11:31]###############  
[15/06/2017 19:11:34] --> Copying  finalfiles/BUS-DIVX.AVI to Photos/2015/06/14//2015-06-14_17-11-14_Unknown-Unknown.avi  
[15/06/2017 19:11:34] --> Copying  finalfiles/DSC02831_modified-2103.jpg to Photos/2015/06/14//2015-06-14_16-54-17_Unknown-Unknown.jpg  
[15/06/2017 19:11:34] --> Copying  finalfiles/DSC02835_modified-2198.jpg to Photos/2015/06/14//2015-06-14_16-54-17_Unknown-Unknown-2.jpg  
[15/06/2017 19:11:35] --> Copying  finalfiles/DSC02836_modified-2199.jpg to Photos/2015/06/14//2015-06-14_16-54-17_Unknown-Unknown-3.jpg  
[15/06/2017 19:11:35] --> Copying  finalfiles/img_1776.jpg to Photos/2015/06/14//2015-06-14_16-39-30_Unknown-Unknown.jpg  
[15/06/2017 19:11:35] --> Copying  finalfiles/img_5450_x-14.jpg to Photos/2015/06/14//2015-06-14_16-39-30_Unknown-Unknown-2.jpg  
[15/06/2017 19:11:36] --> Copying  finalfiles/img_6815_X-15.jpg to Photos/2015/06/14//2015-06-14_16-39-30_Unknown-Unknown-3.jpg  
[15/06/2017 19:11:36] --> Copying  finalfiles/IMG_8098.JPG to Photos/2015/06/14//2015-06-14_16-59-47_Unknown-Unknown.jpg  
[15/06/2017 19:11:36] --> Copying  finalfiles/IMG_8099.JPG to Photos/2015/06/14//2015-06-14_16-59-47_Unknown-Unknown-2.jpg  
[15/06/2017 19:11:37] --> Copying  finalfiles/IMG_8100.JPG to Photos/2015/06/14//2015-06-14_16-59-47_Unknown-Unknown-3.jpg  
[15/06/2017 19:11:37] --> Copying  finalfiles/IMG_8101.JPG to Photos/2015/06/14//2015-06-14_16-59-47_Unknown-Unknown-4.jpg  
[15/06/2017 19:11:37] --> Copying  finalfiles/IMG_8102.JPG to Photos/2015/06/14//2015-06-14_16-59-47_Unknown-Unknown-5.jpg  
[15/06/2017 19:11:38] --> Copying  finalfiles/IMG_8103.JPG to Photos/2015/06/14//2015-06-14_16-59-47_Unknown-Unknown-6.jpg  
[15/06/2017 19:11:38] --> Copying  finalfiles/IMG_8104.JPG to Photos/2015/06/14//2015-06-14_16-59-47_Unknown-Unknown-7.jpg  
[15/06/2017 19:11:38] --> Copying  finalfiles/IMG_8105.JPG to Photos/2015/06/14//2015-06-14_16-59-47_Unknown-Unknown-8.jpg  
[15/06/2017 19:11:39] --> Copying  finalfiles/IMG_8106.JPG to Photos/2015/06/14//2015-06-14_16-59-47_Unknown-Unknown-9.jpg  
[15/06/2017 19:11:39] --> Copying  finalfiles/IMG_8107.JPG to Photos/2015/06/14//2015-06-14_16-59-47_Unknown-Unknown-10.jpg  
[15/06/2017 19:11:39] --> Copying  finalfiles/IMG_8108.JPG to Photos/2015/06/14//2015-06-14_16-59-47_Unknown-Unknown-11.jpg  
[15/06/2017 19:11:40] --> Copying  finalfiles/IMG_8109.JPG to Photos/2015/06/14//2015-06-14_16-59-47_Unknown-Unknown-12.jpg  
[15/06/2017 19:11:40] --> Copying  finalfiles/IMG_8110.JPG to Photos/2015/06/14//2015-06-14_16-59-47_Unknown-Unknown-13.jpg  
[15/06/2017 19:11:41] --> Copying  finalfiles/IMG_8111.JPG to Photos/2015/06/14//2015-06-14_16-59-47_Unknown-Unknown-14.jpg  
[15/06/2017 19:11:41] --> Copying  finalfiles/IMG_8112.JPG to Photos/2015/06/14//2015-06-14_16-59-47_Unknown-Unknown-15.jpg  
[15/06/2017 19:11:41] --> Copying  finalfiles/IMG_8113.JPG to Photos/2015/06/14//2015-06-14_17-03-23_Unknown-Unknown.jpg  
[15/06/2017 19:11:41] --> Copying  finalfiles/IMG_8114.JPG to Photos/2015/06/14//2015-06-14_17-03-15_Unknown-Unknown.jpg  
[15/06/2017 19:11:42] --> Copying  finalfiles/IMG_8115.JPG to Photos/2015/06/14//2015-06-14_17-03-10_Unknown-Unknown.jpg  
[15/06/2017 19:11:42] --> Copying  finalfiles/puebla-bus.mts to Photos/2015/06/14//2015-06-14_17-20-09_Unknown-Unknown.mts  
[15/06/2017 19:11:42] --> Totally 26 of 26 files had processed.(24 JPGs and 2 Movies)  
